----------------------------------------
Timestamp: 01/04/2011 09:58:40 a.m.
Message: [Referencia a objeto no establecida como instancia de un objeto.]    en FormularioConsulta..ctor() en c:\Documents and Settings\esilva\Escritorio\MODULO COMPROBANTE PAGO\LAP_SEAE\FormularioConsulta.aspx.cs:línea 39
Category: Trace
Priority: -1
EventId: 0
Severity: Information
Title:Error de configuracion de Archivo: Label.Properties
Machine: ESILVA
Application Domain: d346a8ef-1-129461435022521158
Process Id: 2672
Process Name: C:\Archivos de programa\Archivos comunes\Microsoft Shared\DevServer\9.0\WebDev.WebServer.EXE
Win32 Thread Id: 5108
Thread Name: 
Extended Properties: 
----------------------------------------
----------------------------------------
Timestamp: 01/04/2011 09:59:50 a.m.
Message: [Referencia a objeto no establecida como instancia de un objeto.]    en FormularioConsulta..ctor() en c:\Documents and Settings\esilva\Escritorio\MODULO COMPROBANTE PAGO\LAP_SEAE\FormularioConsulta.aspx.cs:línea 39
Category: Trace
Priority: -1
EventId: 0
Severity: Information
Title:Error de configuracion de Archivo: Label.Properties
Machine: ESILVA
Application Domain: d346a8ef-1-129461435022521158
Process Id: 2672
Process Name: C:\Archivos de programa\Archivos comunes\Microsoft Shared\DevServer\9.0\WebDev.WebServer.EXE
Win32 Thread Id: 5480
Thread Name: 
Extended Properties: 
----------------------------------------
----------------------------------------
Timestamp: 01/04/2011 10:01:18 a.m.
Message: [Referencia a objeto no establecida como instancia de un objeto.]    en FormularioConsulta..ctor() en c:\Documents and Settings\esilva\Escritorio\MODULO COMPROBANTE PAGO\LAP_SEAE\FormularioConsulta.aspx.cs:línea 39
Category: Trace
Priority: -1
EventId: 0
Severity: Information
Title:Error de configuracion de Archivo: Label.Properties
Machine: ESILVA
Application Domain: d346a8ef-1-129461435022521158
Process Id: 2672
Process Name: C:\Archivos de programa\Archivos comunes\Microsoft Shared\DevServer\9.0\WebDev.WebServer.EXE
Win32 Thread Id: 5480
Thread Name: 
Extended Properties: 
----------------------------------------
----------------------------------------
Timestamp: 01/04/2011 10:08:02 a.m.
Message: [Cannot open database "BD_TUUA_PRD_pppp" requested by the login. The login failed.
Login failed for user 'sa'.]    en System.Data.SqlClient.SqlInternalConnection.OnError(SqlException exception, Boolean breakConnection)
   en System.Data.SqlClient.TdsParser.ThrowExceptionAndWarning(TdsParserStateObject stateObj)
   en System.Data.SqlClient.TdsParser.Run(RunBehavior runBehavior, SqlCommand cmdHandler, SqlDataReader dataStream, BulkCopySimpleResultSet bulkCopyHandler, TdsParserStateObject stateObj)
   en System.Data.SqlClient.SqlInternalConnectionTds.CompleteLogin(Boolean enlistOK)
   en System.Data.SqlClient.SqlInternalConnectionTds.AttemptOneLogin(ServerInfo serverInfo, String newPassword, Boolean ignoreSniOpenTimeout, Int64 timerExpire, SqlConnection owningObject)
   en System.Data.SqlClient.SqlInternalConnectionTds.LoginNoFailover(String host, String newPassword, Boolean redirectedUserInstance, SqlConnection owningObject, SqlConnectionString connectionOptions, Int64 timerStart)
   en System.Data.SqlClient.SqlInternalConnectionTds.OpenLoginEnlist(SqlConnection owningObject, SqlConnectionString connectionOptions, String newPassword, Boolean redirectedUserInstance)
   en System.Data.SqlClient.SqlInternalConnectionTds..ctor(DbConnectionPoolIdentity identity, SqlConnectionString connectionOptions, Object providerInfo, String newPassword, SqlConnection owningObject, Boolean redirectedUserInstance)
   en System.Data.SqlClient.SqlConnectionFactory.CreateConnection(DbConnectionOptions options, Object poolGroupProviderInfo, DbConnectionPool pool, DbConnection owningConnection)
   en System.Data.ProviderBase.DbConnectionFactory.CreatePooledConnection(DbConnection owningConnection, DbConnectionPool pool, DbConnectionOptions options)
   en System.Data.ProviderBase.DbConnectionPool.CreateObject(DbConnection owningObject)
   en System.Data.ProviderBase.DbConnectionPool.UserCreateRequest(DbConnection owningObject)
   en System.Data.ProviderBase.DbConnectionPool.GetConnection(DbConnection owningObject)
   en System.Data.ProviderBase.DbConnectionFactory.GetConnection(DbConnection owningConnection)
   en System.Data.ProviderBase.DbConnectionClosed.OpenConnection(DbConnection outerConnection, DbConnectionFactory connectionFactory)
   en System.Data.SqlClient.SqlConnection.Open()
   en Microsoft.Practices.EnterpriseLibrary.Data.Database.GetNewOpenConnection()
   en Microsoft.Practices.EnterpriseLibrary.Data.Database.GetOpenConnection(Boolean disposeInnerConnection)
   en Microsoft.Practices.EnterpriseLibrary.Data.Database.GetOpenConnection()
   en Microsoft.Practices.EnterpriseLibrary.Data.Database.DiscoverParameters(DbCommand command)
   en Microsoft.Practices.EnterpriseLibrary.Data.ParameterCache.SetParameters(DbCommand command, Database database)
   en Microsoft.Practices.EnterpriseLibrary.Data.Database.GetStoredProcCommand(String storedProcedureName, Object[] parameterValues)
   en Microsoft.Practices.EnterpriseLibrary.Data.Database.ExecuteDataSet(String storedProcedureName, Object[] parameterValues)
   en LAP.TUUA.DAO.DAO_BaseDatos.ListarDataTableSP(String nombreSP, Object[] parametros) en E:\Proyectos\TUUA\CONSULTAWEB\componentes comunes\DATAACCESS\DAO_BaseDatos.cs:línea 232
   en LAP.TUUA.DAO.DAO_Compania.consultarCompaniaxFiltro(String strEstado, String strTipo, String CadFiltro, String sOrdenacion) en E:\Proyectos\TUUA\CONSULTAWEB\componentes comunes\DATAACCESS\DAO_Compania.cs:línea 245
   en LAP.TUUA.NATIVO.NAT_Consulta.ConsultaCompaniaxFiltro(String strEstado, String strTipo, String sfiltro, String sOrdenacion) en E:\Proyectos\TUUA\CONSULTAWEB\componentes comunes\NATIVO\NAT_Consulta.cs:línea 233
   en LAP.TUUA.CONTROL.BO_Consultas.ConsultaCompaniaxFiltro(String sEstado, String sTipo, String sFiltro, String sOrdenacion) en E:\Proyectos\TUUA\CONSULTAWEB\componentes comunes\CONTROL\BO_Consultas.cs:línea 55
   en FormularioConsulta.Page_Load(Object sender, EventArgs e) en c:\Documents and Settings\esilva\Escritorio\MODULO COMPROBANTE PAGO\LAP_SEAE\FormularioConsulta.aspx.cs:línea 70
Category: Trace
Priority: -1
EventId: 0
Severity: Information
Title:Base de Datos no iniciada
Machine: ESILVA
Application Domain: d346a8ef-3-129461440793890471
Process Id: 2672
Process Name: C:\Archivos de programa\Archivos comunes\Microsoft Shared\DevServer\9.0\WebDev.WebServer.EXE
Win32 Thread Id: 5108
Thread Name: 
Extended Properties: 
----------------------------------------
