21/08/2022 12:09:02:294  LAP.TUUA.ACCESOS.ACS_Controlador   Conexion Remota Activa
21/08/2022 12:09:03:853  LAP.TUUA.ACCESOS.ACS_Controlador   Conexion Local Inactiva 
21/08/2022 12:09:03:861  LAP.TUUA.ACCESOS.ACS_Controlador   Iniciando ...Modulo Lector
21/08/2022 12:12:55:242  LAP.TUUA.ACCESOS.ACS_InterfazLector   Trama Recibida:    
21/08/2022 12:13:00:957  LAP.TUUA.ACCESOS.ACS_InterfazLector   Inicio Conversion Trama
21/08/2022 12:13:04:718  LAP.TUUA.ACCESOS.ACS_InterfazLector   Fin Conversion Trama
21/08/2022 12:13:13:201  LAP.TUUA.ACCESOS.ACS_Boarding   Encender Luz Roja
21/08/2022 12:13:13:203  LAP.TUUA.ACCESOS.ACS_Boarding   Error de Lectura
21/08/2022 12:13:13:873  LAP.TUUA.ACCESOS.ACS_InterfazLector   Error de Lectura
21/08/2022 12:13:22:225  LAP.TUUA.ACCESOS.ACS_InterfazLector   FINALIZA FLUJO AUTOMATICO DESDE LECTOR
21/08/2022 12:13:22:882  LAP.TUUA.ACCESOS.ACS_InterfazLector   =========================================
21/08/2022 12:14:09:572  LAP.TUUA.ACCESOS.ACS_InterfazLector   Trama Recibida:    M1PEREZ ANGULO/JULIO CEQTUZMH LIMAQPLA 2111 233J002C0039 33D>30B1OO2233BLA 29045           0                          0
21/08/2022 12:14:12:776  LAP.TUUA.ACCESOS.ACS_InterfazLector   Inicio Conversion Trama
21/08/2022 12:14:18:625  LAP.TUUA.ACCESOS.ACS_InterfazLector   Fin Conversion Trama
21/08/2022 12:14:21:932  LAP.TUUA.ACCESOS.ACS_InterfazLector   Inicio Validaciones Internas
21/08/2022 12:15:34:544  LAP.TUUA.ACCESOS.ACS_Boarding   Aeropuerto: LIM
21/08/2022 12:15:38:127  LAP.TUUA.ACCESOS.ACS_Boarding   AEROPUERTO VALIDO
21/08/2022 12:16:12:437  LAP.TUUA.ACCESOS.ACS_Boarding   TIPO MOL:N
21/08/2022 12:16:12:818  LAP.TUUA.ACCESOS.ACS_Boarding   TIPO VUELO:N - ObjvueloProgram:N
21/08/2022 12:16:43:854  LAP.TUUA.ACCESOS.ACS_Boarding   Fin Validaciones Internas
21/08/2022 12:16:49:795  LAP.TUUA.ACCESOS.ACS_Boarding   Inicio Registro BP
21/08/2022 12:16:50:685  LAP.TUUA.ACCESOS.ACS_Boarding   Inicio Registro BP - 1
21/08/2022 12:16:51:159  LAP.TUUA.ACCESOS.ACS_Boarding   Inicio Registro BP - 1.1
21/08/2022 12:17:08:826  LAP.TUUA.ACCESOS.ACS_Boarding   Inicio Registro BP - 2
21/08/2022 12:17:08:826  LAP.TUUA.ACCESOS.ACS_Boarding   Fin Registro BP
21/08/2022 12:17:08:835  LAP.TUUA.ACCESOS.ACS_Boarding   Abrir Molinete
21/08/2022 12:17:08:835  LAP.TUUA.ACCESOS.ACS_Boarding   Encender Luz Verde
21/08/2022 12:17:08:835  LAP.TUUA.ACCESOS.ACS_Boarding   Molinete Cerrado
21/08/2022 12:17:08:839  LAP.TUUA.ACCESOS.ACS_InterfazLector   FINALIZA FLUJO AUTOMATICO DESDE LECTOR
21/08/2022 12:17:08:839  LAP.TUUA.ACCESOS.ACS_InterfazLector   =========================================
21/08/2022 12:22:31:214  LAP.TUUA.ACCESOS.ACS_Controlador   Conexion Remota Activa
21/08/2022 12:22:32:771  LAP.TUUA.ACCESOS.ACS_Controlador   Conexion Local Inactiva 
21/08/2022 12:22:32:783  LAP.TUUA.ACCESOS.ACS_Controlador   Iniciando ...Modulo Lector
21/08/2022 12:23:01:156  LAP.TUUA.ACCESOS.ACS_InterfazLector   Trama Recibida:    M1PEREZ/BRIANNA MS    EQTUZMH LIMAQPLA 2111 233J002D0038 13D>30B2OO2233BLA 29045           0                          0
21/08/2022 12:23:03:980  LAP.TUUA.ACCESOS.ACS_InterfazLector   Inicio Conversion Trama
21/08/2022 12:23:03:987  LAP.TUUA.ACCESOS.ACS_InterfazLector   Fin Conversion Trama
21/08/2022 12:23:03:987  LAP.TUUA.ACCESOS.ACS_InterfazLector   Inicio Validaciones Internas
21/08/2022 12:24:30:008  LAP.TUUA.ACCESOS.ACS_Boarding   Aeropuerto: LIM
21/08/2022 12:24:32:561  LAP.TUUA.ACCESOS.ACS_Boarding   AEROPUERTO VALIDO
21/08/2022 12:24:49:424  LAP.TUUA.ACCESOS.ACS_Boarding   TIPO MOL:N
21/08/2022 12:24:49:687  LAP.TUUA.ACCESOS.ACS_Boarding   TIPO VUELO:N - ObjvueloProgram:N
21/08/2022 12:25:12:807  LAP.TUUA.ACCESOS.ACS_Boarding   Fin Validaciones Internas
21/08/2022 12:25:17:785  LAP.TUUA.ACCESOS.ACS_Boarding   Inicio Registro BP
21/08/2022 12:25:19:317  LAP.TUUA.ACCESOS.ACS_Boarding   Inicio Registro BP - 1
21/08/2022 12:25:20:426  LAP.TUUA.ACCESOS.ACS_Boarding   Inicio Registro BP - 1.1
21/08/2022 12:25:23:273  LAP.TUUA.ACCESOS.ACS_Boarding   Inicio Registro BP - 2
21/08/2022 12:25:23:274  LAP.TUUA.ACCESOS.ACS_Boarding   Fin Registro BP
21/08/2022 12:25:23:275  LAP.TUUA.ACCESOS.ACS_Boarding   Abrir Molinete
21/08/2022 12:25:23:275  LAP.TUUA.ACCESOS.ACS_Boarding   Encender Luz Verde
21/08/2022 12:25:23:275  LAP.TUUA.ACCESOS.ACS_Boarding   Molinete Cerrado
21/08/2022 12:25:23:275  LAP.TUUA.ACCESOS.ACS_InterfazLector   FINALIZA FLUJO AUTOMATICO DESDE LECTOR
21/08/2022 12:25:23:276  LAP.TUUA.ACCESOS.ACS_InterfazLector   =========================================
21/08/2022 16:55:23:849  LAP.TUUA.ACCESOS.ACS_Controlador   Conexion Remota Activa
21/08/2022 16:55:25:405  LAP.TUUA.ACCESOS.ACS_Controlador   Conexion Local Inactiva 
21/08/2022 16:55:25:411  LAP.TUUA.ACCESOS.ACS_Controlador   Iniciando ...Modulo Lector
21/08/2022 16:55:29:452  LAP.TUUA.ACCESOS.ACS_InterfazLector   Trama Recibida:    M1VIDIELLAARTIGAS/HECTEXBOHWS LIMCUZLA 2328 233Y005F0149 33D>30B1OO2232BLA 29045           0                          0
21/08/2022 16:55:32:076  LAP.TUUA.ACCESOS.ACS_InterfazLector   Inicio Conversion Trama
21/08/2022 16:55:32:086  LAP.TUUA.ACCESOS.ACS_InterfazLector   Fin Conversion Trama
21/08/2022 16:55:32:086  LAP.TUUA.ACCESOS.ACS_InterfazLector   Inicio Validaciones Internas
21/08/2022 16:56:44:859  LAP.TUUA.ACCESOS.ACS_Boarding   Aeropuerto: LIM
21/08/2022 16:56:48:622  LAP.TUUA.ACCESOS.ACS_Boarding   AEROPUERTO VALIDO
21/08/2022 16:57:22:920  LAP.TUUA.ACCESOS.ACS_Boarding   TIPO MOL:N
21/08/2022 16:57:23:867  LAP.TUUA.ACCESOS.ACS_Boarding   TIPO VUELO:N - ObjvueloProgram:N
21/08/2022 17:00:49:485  LAP.TUUA.ACCESOS.ACS_Boarding   Fin Validaciones Internas
21/08/2022 17:03:48:755  LAP.TUUA.ACCESOS.ACS_Boarding   Inicio Registro BP
21/08/2022 17:03:49:824  LAP.TUUA.ACCESOS.ACS_Boarding   Inicio Registro BP - 1
21/08/2022 17:03:50:283  LAP.TUUA.ACCESOS.ACS_Boarding   Inicio Registro BP - 1.1
21/08/2022 17:03:53:383  LAP.TUUA.ACCESOS.ACS_Boarding   Inicio Registro BP - 2
21/08/2022 17:03:53:383  LAP.TUUA.ACCESOS.ACS_Boarding   Fin Registro BP
21/08/2022 17:03:53:385  LAP.TUUA.ACCESOS.ACS_Boarding   Abrir Molinete
21/08/2022 17:03:53:385  LAP.TUUA.ACCESOS.ACS_Boarding   Encender Luz Verde
21/08/2022 17:03:53:385  LAP.TUUA.ACCESOS.ACS_Boarding   Molinete Cerrado
21/08/2022 17:03:53:385  LAP.TUUA.ACCESOS.ACS_InterfazLector   FINALIZA FLUJO AUTOMATICO DESDE LECTOR
21/08/2022 17:03:53:385  LAP.TUUA.ACCESOS.ACS_InterfazLector   =========================================
21/08/2022 17:53:52:348  LAP.TUUA.ACCESOS.ACS_Controlador   Conexion Remota Activa
21/08/2022 17:53:53:907  LAP.TUUA.ACCESOS.ACS_Controlador   Conexion Local Inactiva 
21/08/2022 17:53:53:920  LAP.TUUA.ACCESOS.ACS_Controlador   Iniciando ...Modulo Lector
21/08/2022 17:53:59:510  LAP.TUUA.ACCESOS.ACS_InterfazLector   Trama Recibida:    
21/08/2022 17:54:01:316  LAP.TUUA.ACCESOS.ACS_InterfazLector   Inicio Conversion Trama
21/08/2022 17:54:01:320  LAP.TUUA.ACCESOS.ACS_InterfazLector   Fin Conversion Trama
21/08/2022 17:54:01:323  LAP.TUUA.ACCESOS.ACS_Boarding   Encender Luz Roja
21/08/2022 17:54:01:324  LAP.TUUA.ACCESOS.ACS_Boarding   Error de Lectura
21/08/2022 17:54:01:324  LAP.TUUA.ACCESOS.ACS_InterfazLector   Error de Lectura
21/08/2022 17:54:01:324  LAP.TUUA.ACCESOS.ACS_InterfazLector   FINALIZA FLUJO AUTOMATICO DESDE LECTOR
21/08/2022 17:54:01:324  LAP.TUUA.ACCESOS.ACS_InterfazLector   =========================================
21/08/2022 17:54:16:343  LAP.TUUA.ACCESOS.ACS_InterfazLector   Trama Recibida:    M1CHACON/THELMA MS    EQVKZBE LIMCUZLA 2033 233Y007B0038 13D>30B2MR2232BLA 29045           0                          0
21/08/2022 17:54:17:735  LAP.TUUA.ACCESOS.ACS_InterfazLector   Inicio Conversion Trama
21/08/2022 17:54:17:737  LAP.TUUA.ACCESOS.ACS_InterfazLector   Fin Conversion Trama
21/08/2022 17:54:17:737  LAP.TUUA.ACCESOS.ACS_InterfazLector   Inicio Validaciones Internas
21/08/2022 17:54:37:236  LAP.TUUA.ACCESOS.ACS_Boarding   Aeropuerto: LIM
21/08/2022 17:54:41:615  LAP.TUUA.ACCESOS.ACS_Boarding   AEROPUERTO VALIDO
21/08/2022 17:55:07:467  LAP.TUUA.ACCESOS.ACS_Boarding   TIPO MOL:N
21/08/2022 17:55:08:595  LAP.TUUA.ACCESOS.ACS_Boarding   TIPO VUELO:N - ObjvueloProgram:N
21/08/2022 17:56:19:673  LAP.TUUA.ACCESOS.ACS_Boarding   Fin Validaciones Internas
21/08/2022 17:56:31:911  LAP.TUUA.ACCESOS.ACS_Boarding   Inicio Registro BP
21/08/2022 17:56:33:133  LAP.TUUA.ACCESOS.ACS_Boarding   Inicio Registro BP - 1
21/08/2022 17:56:33:531  LAP.TUUA.ACCESOS.ACS_Boarding   Inicio Registro BP - 1.1
21/08/2022 17:56:34:131  LAP.TUUA.ACCESOS.ACS_Boarding   Inicio Registro BP - 2
21/08/2022 17:56:36:118  LAP.TUUA.ACCESOS.ACS_Boarding   Fin Registro BP
21/08/2022 17:56:40:781  LAP.TUUA.ACCESOS.ACS_Boarding   Abrir Molinete
21/08/2022 17:56:40:962  LAP.TUUA.ACCESOS.ACS_Boarding   Encender Luz Verde
21/08/2022 17:56:41:131  LAP.TUUA.ACCESOS.ACS_Boarding   Molinete Cerrado
21/08/2022 17:56:49:009  LAP.TUUA.ACCESOS.ACS_InterfazLector   FINALIZA FLUJO AUTOMATICO DESDE LECTOR
21/08/2022 17:56:49:336  LAP.TUUA.ACCESOS.ACS_InterfazLector   =========================================
21/08/2022 17:58:00:096  LAP.TUUA.ACCESOS.ACS_InterfazLector   Trama Recibida:    M1NAVARRETE ESPINOZA/CERYMXWQ LIMCIXLA 2272 234Y022E0072 13D>30B1OR2233BLA 29045           0                          0
21/08/2022 17:58:01:551  LAP.TUUA.ACCESOS.ACS_InterfazLector   Inicio Conversion Trama
21/08/2022 17:58:01:551  LAP.TUUA.ACCESOS.ACS_InterfazLector   Fin Conversion Trama
21/08/2022 17:58:01:551  LAP.TUUA.ACCESOS.ACS_InterfazLector   Inicio Validaciones Internas
21/08/2022 17:58:13:522  LAP.TUUA.ACCESOS.ACS_Boarding   Aeropuerto: LIM
21/08/2022 17:58:14:802  LAP.TUUA.ACCESOS.ACS_Boarding   AEROPUERTO VALIDO
21/08/2022 17:58:20:983  LAP.TUUA.ACCESOS.ACS_Boarding   TIPO MOL:N
21/08/2022 17:58:21:242  LAP.TUUA.ACCESOS.ACS_Boarding   TIPO VUELO:N - ObjvueloProgram:N
21/08/2022 17:58:43:407  LAP.TUUA.ACCESOS.ACS_Boarding   Encender Luz Roja
21/08/2022 17:58:43:407  LAP.TUUA.ACCESOS.ACS_Boarding   HORA DE VUELO FUERA DE RANGO (12H).
21/08/2022 17:58:44:529  LAP.TUUA.ACCESOS.ACS_InterfazLector   FINALIZA FLUJO AUTOMATICO DESDE LECTOR
21/08/2022 17:58:44:529  LAP.TUUA.ACCESOS.ACS_InterfazLector   =========================================
